;  LST file generated by mikroListExporter - v.2.0 
; Date/Time: 06/07/2021 18:56:39
;----------------------------------------------

;Address Opcode 	ASM
0x0000	0xF000EF25  	GOTO        74
0x0004	0x0000      	NOP
0x0006	0x0000      	NOP
0x0008	0xF000EF00  	GOTO        0
0x000C	0x0000      	NOP
0x000E	0x0000      	NOP
0x0010	0x0000      	NOP
0x0012	0x0000      	NOP
0x0014	0x0000      	NOP
0x0016	0x0000      	NOP
0x0018	0xD7F3      	BRA         0
_MSdelay:
;MyProject.c,20 :: 		void MSdelay(unsigned int val)
;MyProject.c,23 :: 		for(i=0;i<val;i++)
0x001C	0x6A01      	CLRF        R1 
0x001E	0x6A02      	CLRF        R2 
L_MSdelay2:
0x0020	0x5016      	MOVF        FARG_MSdelay_val+1, 0 
0x0022	0x5C02      	SUBWF       R2, 0 
0x0024	0xE102      	BNZ         L__MSdelay10
0x0026	0x5015      	MOVF        FARG_MSdelay_val, 0 
0x0028	0x5C01      	SUBWF       R1, 0 
L__MSdelay10:
0x002A	0xE20E      	BC          L_MSdelay3
;MyProject.c,24 :: 		for(j=0;j<165;j++);         /*This count Provide delay of 1 ms for 8MHz Frequency */
0x002C	0x6A03      	CLRF        R3 
0x002E	0x6A04      	CLRF        R4 
L_MSdelay5:
0x0030	0x0E00      	MOVLW       0
0x0032	0x5C04      	SUBWF       R4, 0 
0x0034	0xE102      	BNZ         L__MSdelay11
0x0036	0x0EA5      	MOVLW       165
0x0038	0x5C03      	SUBWF       R3, 0 
L__MSdelay11:
0x003A	0xE203      	BC          L_MSdelay6
0x003C	0x4A03      	INFSNZ      R3, 1 
0x003E	0x2A04      	INCF        R4, 1 
0x0040	0xD7F7      	BRA         L_MSdelay5
L_MSdelay6:
;MyProject.c,23 :: 		for(i=0;i<val;i++)
0x0042	0x4A01      	INFSNZ      R1, 1 
0x0044	0x2A02      	INCF        R2, 1 
;MyProject.c,24 :: 		for(j=0;j<165;j++);         /*This count Provide delay of 1 ms for 8MHz Frequency */
0x0046	0xD7EC      	BRA         L_MSdelay2
L_MSdelay3:
;MyProject.c,25 :: 		}
L_end_MSdelay:
0x0048	0x0012      	RETURN      0
; end of _MSdelay
_main:
;MyProject.c,6 :: 		void main() {
;MyProject.c,8 :: 		trisb = 0;       // PORT B is configured as ouput
0x004A	0x6A93      	CLRF        TRISB 
;MyProject.c,10 :: 		while(1){
L_main0:
;MyProject.c,11 :: 		latb0_bit = 1;  // Turns LED on
0x004C	0x808A      	BSF         LATB0_bit, BitPos(LATB0_bit+0) 
;MyProject.c,12 :: 		MSdelay(500);   // 500ms delay
0x004E	0x0EF4      	MOVLW       244
0x0050	0x6E15      	MOVWF       FARG_MSdelay_val 
0x0052	0x0E01      	MOVLW       1
0x0054	0x6E16      	MOVWF       FARG_MSdelay_val+1 
0x0056	0xDFE2      	RCALL       _MSdelay
;MyProject.c,13 :: 		latb0_bit = 0;  // Turns LED off
0x0058	0x908A      	BCF         LATB0_bit, BitPos(LATB0_bit+0) 
;MyProject.c,14 :: 		MSdelay(500);   // 500ms delay
0x005A	0x0EF4      	MOVLW       244
0x005C	0x6E15      	MOVWF       FARG_MSdelay_val 
0x005E	0x0E01      	MOVLW       1
0x0060	0x6E16      	MOVWF       FARG_MSdelay_val+1 
0x0062	0xDFDC      	RCALL       _MSdelay
;MyProject.c,15 :: 		}
0x0064	0xD7F3      	BRA         L_main0
;MyProject.c,17 :: 		}
L_end_main:
0x0066	0xD7FF      	BRA         $+0
; end of _main
Symbol List:
//** Routines locations **
//ADDRESS    SIZE    PROCEDURE
//----------------------------------------------
0x001C      [46]    _MSdelay
0x004A      [30]    _main
//** Variables locations ** 
//ADDRESS    SIZE    VARIABLE
//----------------------------------------------
0x0000       [1]    R0
0x0001       [1]    R1
0x0001       [2]    MSdelay_i_L0
0x0002       [1]    R2
0x0003       [1]    R3
0x0003       [2]    MSdelay_j_L0
0x0004       [1]    R4
0x0005       [1]    R5
0x0006       [1]    R6
0x0007       [1]    R7
0x0008       [1]    R8
0x0009       [1]    R9
0x000A       [1]    R10
0x000B       [1]    R11
0x000C       [1]    R12
0x000D       [1]    R13
0x000E       [1]    R14
0x000F       [1]    R15
0x0010       [1]    R16
0x0011       [1]    R17
0x0012       [1]    R18
0x0013       [1]    R19
0x0014       [1]    R20
0x0015       [2]    FARG_MSdelay_val
0x0F8A       [0]    LATB0_bit
0x0F93       [1]    TRISB
0x0FD8       [1]    STATUS
0x0FD9       [1]    FSR2L
0x0FDA       [1]    FSR2H
0x0FDE       [1]    POSTINC2
0x0FE0       [1]    BSR
0x0FE1       [1]    FSR1L
0x0FE2       [1]    FSR1H
0x0FE4       [1]    PREINC1
0x0FE6       [1]    POSTINC1
0x0FE7       [1]    INDF1
0x0FE8       [1]    WREG
0x0FE9       [1]    FSR0L
0x0FEA       [1]    FSR0H
0x0FEE       [1]    POSTINC0
0x0FF3       [1]    PRODL
0x0FF4       [1]    PRODH
0x0FF5       [1]    TABLAT
0x0FF6       [1]    TBLPTRL
0x0FF7       [1]    TBLPTRH
0x0FF8       [1]    TBLPTRU
